<?xml version="1.0" encoding="UTF-8"?>
<!-- Generated by org.testng.reporters.JUnitReportReporter -->
<testsuite skipped="0" hostname="Ganesh" name="com.testing.features.Data_Provider_Test" tests="4" failures="0" timestamp="2022-02-17T08:54:38 IST" time="0.018" errors="0">
  <testcase name="credentials" time="0.010" classname="com.testing.features.Data_Provider_Test"/>
  <system-out/>
  <testcase name="credentials" time="0.004" classname="com.testing.features.Data_Provider_Test"/>
  <system-out/>
  <testcase name="credentials" time="0.002" classname="com.testing.features.Data_Provider_Test"/>
  <system-out/>
  <testcase name="credentials" time="0.002" classname="com.testing.features.Data_Provider_Test"/>
  <system-out/>
</testsuite> <!-- com.testing.features.Data_Provider_Test -->
