<?xml version="1.0" encoding="UTF-8"?>
<!-- Generated by org.testng.reporters.JUnitReportReporter -->
<testsuite skipped="1" hostname="Ganesh" name="com.testing.features.Ignore_Concept" tests="5" failures="0" timestamp="2022-01-29T16:57:57 IST" time="0.013" errors="0">
  <testcase name="potato" time="0.009" classname="com.testing.features.Ignore_Concept"/>
  <system-out/>
  <testcase name="tomato" time="0.002" classname="com.testing.features.Ignore_Concept"/>
  <system-out/>
  <testcase name="Brinjal" time="0.001" classname="com.testing.features.Ignore_Concept"/>
  <system-out/>
  <testcase name="Grapes" time="0.001" classname="com.testing.features.Ignore_Concept"/>
  <system-out/>
  <testcase name="Banana" classname="com.testing.features.Ignore_Concept">
    <skipped/>
  </testcase> <!-- Banana -->
  <system-out/>
</testsuite> <!-- com.testing.features.Ignore_Concept -->
