<?xml version="1.0" encoding="UTF-8"?>
<!-- Generated by org.testng.reporters.JUnitReportReporter -->
<testsuite skipped="0" hostname="Ganesh" name="com.testing.features.Soft_Assert" tests="1" failures="0" timestamp="2022-02-07T06:39:43 IST" time="0.015" errors="0">
  <testcase name="password" time="0.015" classname="com.testing.features.Soft_Assert"/>
  <system-out/>
</testsuite> <!-- com.testing.features.Soft_Assert -->
