<?xml version="1.0" encoding="UTF-8"?>
<!-- Generated by org.testng.reporters.JUnitReportReporter -->
<testsuite skipped="0" hostname="Ganesh" name="com.testing.features.Expected_Exceptions" tests="1" failures="0" timestamp="2022-02-01T14:05:43 IST" time="0.010" errors="0">
  <testcase name="demo" time="0.010" classname="com.testing.features.Expected_Exceptions"/>
  <system-out/>
</testsuite> <!-- com.testing.features.Expected_Exceptions -->
