<?xml version="1.0" encoding="UTF-8"?>
<!-- Generated by org.testng.reporters.JUnitReportReporter -->
<testsuite skipped="0" hostname="Ganesh" name="com.testing.features.Simple_Annotation" tests="4" failures="0" timestamp="2022-01-28T12:56:02 IST" time="0.023" errors="0">
  <testcase name="women" time="0.004" classname="com.testing.features.Simple_Annotation"/>
  <system-out/>
  <testcase name="men" time="0.002" classname="com.testing.features.Simple_Annotation"/>
  <system-out/>
  <testcase name="women" time="0.003" classname="com.testing.features.Simple_Annotation"/>
  <system-out/>
  <testcase name="kids" time="0.014" classname="com.testing.features.Simple_Annotation"/>
  <system-out/>
</testsuite> <!-- com.testing.features.Simple_Annotation -->
