<?xml version="1.0" encoding="UTF-8"?>
<!-- Generated by org.testng.reporters.JUnitReportReporter -->
<testsuite skipped="0" hostname="Ganesh" name="com.testing.features.Grouping_Concept" tests="5" failures="0" timestamp="2022-02-03T17:42:46 IST" time="0.013" errors="0">
  <testcase name="Pineapple" time="0.009" classname="com.testing.features.Grouping_Concept"/>
  <system-out/>
  <testcase name="apple" time="0.001" classname="com.testing.features.Grouping_Concept"/>
  <system-out/>
  <testcase name="orange" time="0.001" classname="com.testing.features.Grouping_Concept"/>
  <system-out/>
  <testcase name="car" time="0.001" classname="com.testing.features.Grouping_Concept"/>
  <system-out/>
  <testcase name="bike" time="0.001" classname="com.testing.features.Grouping_Concept"/>
  <system-out/>
</testsuite> <!-- com.testing.features.Grouping_Concept -->
