<?xml version="1.0" encoding="UTF-8"?>
<!-- Generated by org.testng.reporters.JUnitReportReporter -->
<testsuite skipped="0" hostname="Ganesh" name="com.testing.features.Hard_Assert" tests="1" failures="0" timestamp="2022-02-07T06:38:47 IST" time="0.012" errors="0">
  <testcase name="password" time="0.012" classname="com.testing.features.Hard_Assert"/>
  <system-out/>
</testsuite> <!-- com.testing.features.Hard_Assert -->
