<?xml version="1.0" encoding="UTF-8"?>
<!-- Generated by org.testng.reporters.JUnitReportReporter -->
<testsuite skipped="0" hostname="Ganesh" name="com.testing.features.Timeout_Conept" tests="1" failures="0" timestamp="2022-02-01T14:02:17 IST" time="7.038" errors="0">
  <testcase name="demo" time="7.038" classname="com.testing.features.Timeout_Conept"/>
  <system-out/>
</testsuite> <!-- com.testing.features.Timeout_Conept -->
