<?xml version="1.0" encoding="UTF-8"?>
<!-- Generated by org.testng.reporters.JUnitReportReporter -->
<testsuite skipped="0" hostname="Ganesh" name="com.testing.features.Dependency_Concept" tests="2" failures="0" timestamp="2022-01-31T13:18:15 IST" time="0.011" errors="0">
  <testcase name="confirm_Job" time="0.002" classname="com.testing.features.Dependency_Concept"/>
  <system-out/>
  <testcase name="completion_Ug" time="0.009" classname="com.testing.features.Dependency_Concept"/>
  <system-out/>
</testsuite> <!-- com.testing.features.Dependency_Concept -->
