<?xml version="1.0" encoding="UTF-8"?>
<!-- Generated by org.testng.reporters.JUnitReportReporter -->
<testsuite skipped="0" hostname="Ganesh" name="com.testing.features.Parallel_Concept" tests="2" failures="0" timestamp="2022-02-17T16:04:06 IST" time="0.014" errors="0">
  <testcase name="instagram" time="0.002" classname="com.testing.features.Parallel_Concept"/>
  <system-out/>
  <testcase name="facebook" time="0.012" classname="com.testing.features.Parallel_Concept"/>
  <system-out/>
</testsuite> <!-- com.testing.features.Parallel_Concept -->
