<?xml version="1.0" encoding="UTF-8"?>
<!-- Generated by org.testng.reporters.JUnitReportReporter -->
<testsuite skipped="0" hostname="Ganesh" name="com.testing.features.login_User" tests="1" failures="0" timestamp="2022-02-03T17:42:14 IST" time="0.003" errors="0">
  <testcase name="login" time="0.003" classname="com.testing.features.login_User"/>
  <system-out/>
</testsuite> <!-- com.testing.features.login_User -->
