<?xml version="1.0" encoding="UTF-8"?>
<!-- Generated by org.testng.reporters.JUnitReportReporter -->
<testsuite skipped="0" hostname="Ganesh" name="com.testing.features.Parameterized_Test" tests="1" failures="0" timestamp="2022-02-03T17:42:14 IST" time="0.009" errors="0">
  <testcase name="credentials" time="0.009" classname="com.testing.features.Parameterized_Test"/>
  <system-out/>
</testsuite> <!-- com.testing.features.Parameterized_Test -->
