<?xml version="1.0" encoding="UTF-8"?>
<!-- Generated by org.testng.reporters.JUnitReportReporter -->
<testsuite skipped="0" hostname="Ganesh" name="com.myntra.Myntra_Project" tests="2" failures="0" timestamp="2022-07-27T10:55:55 IST" time="58.174" errors="0">
  <testcase name="getProductPrice" time="24.559" classname="com.myntra.Myntra_Project"/>
  <system-out/>
  <testcase name="get_ProductName" time="33.615" classname="com.myntra.Myntra_Project"/>
  <system-out/>
</testsuite> <!-- com.myntra.Myntra_Project -->
