<?xml version="1.0" encoding="UTF-8"?>
<!-- Generated by org.testng.reporters.JUnitReportReporter -->
<testsuite skipped="0" hostname="Ganesh" name="com.testing.features.Parallel_browser" tests="2" failures="0" timestamp="2022-03-11T10:46:33 IST" time="68.051" errors="0">
  <testcase name="firefox" time="63.892" classname="com.testing.features.Parallel_browser"/>
  <system-out/>
  <testcase name="chromeTest" time="4.159" classname="com.testing.features.Parallel_browser"/>
  <system-out/>
</testsuite> <!-- com.testing.features.Parallel_browser -->

