<?xml version="1.0" encoding="UTF-8"?>
<!-- Generated by org.testng.reporters.JUnitReportReporter -->
<testsuite skipped="0" hostname="Ganesh" name="com.testing.features.Expected_Exceptions" tests="1" failures="0" timestamp="2022-02-22T16:46:15 IST" time="0.009" errors="0">
  <testcase name="demo" time="0.009" classname="com.testing.features.Expected_Exceptions"/>
  <system-out/>
</testsuite> <!-- com.testing.features.Expected_Exceptions -->
